The following modules were not unloaded:
  (Use "module --force purge" to unload all):

  1) showq/0.15   2) slurm/latest
Cell   #Total Tweets   #Number of Languages Used         #Top 10 Languages & #Tweets
A1       21                    2                         (English-20, French-1)
A2       22                    2                         (English-21, Japanese-1)
A3       11                    3                         (English-9, Thai-1, Indonesian-1)
A4       85                    4                         (English-80, Turkish-2, French-2, Spanish-1)
B1       184                   5                         (English-179, Turkmen-2, Danish-1, Catalan-1, Haitian; Haitian Creole-1)
B2       504                   12                        (English-482, Chinese-5, Italian-4, Japanese-3, German-2, Turkmen-2, Portuguese-1, Finnish-1, Spanish-1, Hindi-1, Estonian-1)
B3       641                   12                        (English-610, Chinese-5, Japanese-5, Indonesian-5, Romanian-4, Spanish-3, Portuguese-3, Catalan-2, Turkmen-1, Danish-1, Thai-1)
B4       469                   10                        (English-450, Japanese-8, Portuguese-3, Italian-2, Indonesian-1, German-1, Spanish-1, Turkish-1, Dutch-1, French-1)
C1       46                    4                         (English-42, French-2, German-1, Haitian; Haitian Creole-1)
C2       95                    6                         (English-84, Indonesian-6, Spanish-2, Chinese-1, Romanian-1, French-1)
C3       4480                  30                        (English-4186, Japanese-56, Spanish-42, Indonesian-32, Catalan-24, Portuguese-15, Chinese-13, Turkmen-13, German-12, Romanian-11, Italian-9)
C4       962                   21                        (English-888, Haitian; Haitian Creole-17, Japanese-6, Indonesian-6, Romanian-6, Spanish-5, Estonian-5, Italian-5, Turkmen-4, Catalan-3, French-3)
D1       97                    6                         (English-90, Portuguese-2, Welsh-2, Spanish-1, Catalan-1, Lithuanian-1)
D2       33                    2                         (English-31, Spanish-2)
D3       160                   7                         (English-154, Spanish-1, Estonian-1, Portuguese-1, Thai-1, Turkmen-1, Catalan-1)
D4       3                     1                         (English-3)
Job ID           : 34613019
Cluster          : spartan
User/Project     : yiwzhang1/comp90024
Nodes            : 1
Wall-clock time  : 00:04:49 / 00:10:00

Displaying overall resources usage from 2022-04-02 22:37:40 to 2022-04-02 22:42:29:

NODE            CPU#        TOT%   ( USR   / SYS   / WIO   / IDLE  ) 

spartan-bm086 : 
                CPU# 1    : 99.8   (  94.6 /   5.2 /   0.0 /   0.2 ) 


Allocated CPUs            : 1    
  CPUs with usage <25%    : 0    
  CPUs with usage <50%    : 0    
  CPUs with usage >50%    : 1    

Memory used (RAM)         : 0.1%  [4MB of 4000MB]

--------------------------------------------

