The following modules were not unloaded:
  (Use "module --force purge" to unload all):

  1) showq/0.15   2) slurm/latest
Cell   #Total Tweets   #Number of Languages Used         #Top 10 Languages & #Tweets
C3       4480                  30                        (English-4186, Japanese-56, Spanish-42, Indonesian-32, Catalan-24, Portuguese-15, Turkmen-13, Chinese-13, German-12, Romanian-11, Italian-9)
C4       962                   21                        (English-888, Haitian; Haitian Creole-17, Romanian-6, Japanese-6, Indonesian-6, Estonian-5, Italian-5, Spanish-5, Turkmen-4, French-3, Catalan-3)
B3       642                   12                        (English-611, Japanese-5, Chinese-5, Indonesian-5, Romanian-4, Spanish-3, Portuguese-3, Catalan-2, Thai-1, Danish-1, Turkmen-1)
B2       503                   12                        (English-481, Chinese-5, Italian-4, Japanese-3, German-2, Turkmen-2, Portuguese-1, Hindi-1, Indonesian-1, Finnish-1, Estonian-1)
B4       469                   10                        (English-450, Japanese-8, Portuguese-3, Italian-2, Indonesian-1, Dutch-1, Spanish-1, Turkish-1, French-1, German-1)
D3       160                   7                         (English-154, Thai-1, Catalan-1, Spanish-1, Estonian-1, Portuguese-1, Turkmen-1)
A2       22                    2                         (English-21, Japanese-1)
B1       184                   5                         (English-179, Turkmen-2, Haitian; Haitian Creole-1, Danish-1, Catalan-1)
A4       85                    4                         (English-80, French-2, Turkish-2, Spanish-1)
C2       95                    6                         (English-84, Indonesian-6, Spanish-2, French-1, Romanian-1, Chinese-1)
D1       97                    6                         (English-90, Portuguese-2, Welsh-2, Spanish-1, Catalan-1, Lithuanian-1)
C1       46                    4                         (English-42, French-2, Haitian; Haitian Creole-1, German-1)
A1       21                    2                         (English-20, French-1)
D2       33                    2                         (English-31, Spanish-2)
A3       11                    3                         (English-9, Indonesian-1, Thai-1)
D4       3                     1                         (English-3)
Job ID           : 34502391
Cluster          : spartan
User/Project     : gewg/comp90024
Nodes            : 2
Wall-clock time  : 00:01:30 / 00:05:00

Displaying overall resources usage from 2022-03-30 05:51:36 to 2022-03-30 05:53:06:

NODE            CPU#        TOT%   ( USR   / SYS   / WIO   / IDLE  ) 

spartan-bm010 : 
                CPU# 1    : 70.7   (  36.4 /  34.3 /   0.0 /  29.3 ) 
                CPU# 2    : 1.2    (   0.7 /   0.6 /   0.0 /  98.8 ) 
                CPU# 3    : 2.6    (   1.7 /   0.9 /   0.0 /  97.4 ) 
                CPU# 4    : 0.4    (   0.1 /   0.2 /   0.0 /  99.6 ) 
                CPU# 5    : 0.8    (   0.2 /   0.6 /   0.0 /  99.2 ) 
                CPU# 6    : 6.9    (   5.9 /   1.0 /   0.0 /  93.1 ) 
                CPU# 7    : 0.2    (   0.0 /   0.2 /   0.0 /  99.8 ) 
                CPU# 8    : 0.4    (   0.0 /   0.3 /   0.0 /  99.6 ) 
                CPU# 9    : 70.8   (  69.8 /   0.9 /   0.0 /  29.2 ) 
                CPU# 10   : 0.3    (   0.1 /   0.2 /   0.0 /  99.7 ) 
                CPU# 11   : 6.1    (   5.4 /   0.7 /   0.0 /  93.8 ) 
                CPU# 12   : 70.7   (  69.7 /   1.0 /   0.0 /  29.3 ) 
                CPU# 13   : 0.3    (   0.0 /   0.2 /   0.0 /  99.7 ) 
                CPU# 14   : 0.7    (   0.4 /   0.3 /   0.0 /  99.3 ) 
                CPU# 15   : 0.3    (   0.1 /   0.2 /   0.0 /  99.7 ) 
                CPU# 16   : 71.7   (  70.5 /   1.2 /   0.0 /  28.3 ) 

spartan-bm102 : 
                CPU# 17   : 3.7    (   1.4 /   2.4 /   0.0 /  96.3 ) 
                CPU# 18   : 2.6    (   1.5 /   1.0 /   0.0 /  97.4 ) 
                CPU# 19   : 79.3   (  75.4 /   3.9 /   0.0 /  20.7 ) 
                CPU# 20   : 3.9    (   3.2 /   0.7 /   0.0 /  96.1 ) 
                CPU# 21   : 50.2   (  49.5 /   0.7 /   0.0 /  49.8 ) 
                CPU# 22   : 1.9    (   1.2 /   0.7 /   0.0 /  98.1 ) 
                CPU# 23   : 6.1    (   5.2 /   0.9 /   0.0 /  93.9 ) 
                CPU# 24   : 36.3   (  32.0 /   4.3 /   0.0 /  63.7 ) 
                CPU# 25   : 79.8   (  75.2 /   4.6 /   0.0 /  20.2 ) 
                CPU# 26   : 1.1    (   0.2 /   0.9 /   0.0 /  98.9 ) 
                CPU# 27   : 1.0    (   0.2 /   0.8 /   0.0 /  99.0 ) 
                CPU# 28   : 0.7    (   0.4 /   0.4 /   0.0 /  99.3 ) 
                CPU# 29   : 79.9   (  75.1 /   4.8 /   0.0 /  20.1 ) 
                CPU# 30   : 0.5    (   0.2 /   0.3 /   0.0 /  99.5 ) 
                CPU# 31   : 0.7    (   0.1 /   0.6 /   0.0 /  99.3 ) 
                CPU# 32   : 0.3    (   0.0 /   0.3 /   0.0 /  99.7 ) 


Allocated CPUs            : 32   
  CPUs with usage <25%    : 23   
  CPUs with usage <50%    : 1    
  CPUs with usage >50%    : 8    

Memory used (RAM)         : 0.0%  [4MB of 128000MB]

--------------------------------------------

