The following modules were not unloaded:
  (Use "module --force purge" to unload all):

  1) showq/0.15   2) slurm/latest
Cell   #Total Tweets   #Number of Languages Used         #Top 10 Languages & #Tweets
None      7812              32                                  (English-7328, Japanese-79, Spanish-59, Indonesian-52, Catalan-32, Portuguese-27, Chinese-24, Tagalog-23, Romanian-22, Haitian-21, Italian-20)
18      1              1                                  (English-1)
Job ID           : 34499070
Cluster          : spartan
User/Project     : gewg/comp90024
Nodes            : 5
Wall-clock time  : 00:01:13 / 00:10:00

Displaying overall resources usage from 2022-03-30 00:12:50 to 2022-03-30 00:14:03:

NODE            CPU#        TOT%   ( USR   / SYS   / WIO   / IDLE  ) 

spartan-bm001 : 
                CPU# 1    : 89.5   (  69.6 /  19.9 /   0.0 /  10.5 ) 
                CPU# 2    : 78.1   (  75.8 /   2.3 /   0.0 /  21.9 ) 

spartan-bm009 : 
                CPU# 3    : 75.3   (  69.1 /   6.2 /   0.0 /  24.7 ) 
                CPU# 4    : 77.5   (  69.8 /   7.7 /   0.0 /  22.5 ) 

spartan-bm012 : 
                CPU# 5    : 82.7   (  77.2 /   5.5 /   0.1 /  17.2 ) 

spartan-bm014 : 
                CPU# 6    : 82.0   (  77.0 /   5.1 /   0.1 /  17.9 ) 

spartan-bm016 : 
                CPU# 7    : 69.0   (  64.0 /   5.0 /   0.0 /  31.0 ) 
                CPU# 8    : 68.9   (  63.7 /   5.2 /   0.0 /  31.1 ) 


Allocated CPUs            : 8    
  CPUs with usage <25%    : 0    
  CPUs with usage <50%    : 0    
  CPUs with usage >50%    : 8    

Memory used (RAM)         : 0.0%  [5MB of 32000MB]

--------------------------------------------

