The following modules were not unloaded:
  (Use "module --force purge" to unload all):

  1) showq/0.15   2) slurm/latest
Cell   #Total Tweets   #Number of Languages Used         #Top 10 Languages & #Tweets
A1       21                    2                         (English-20, French-1)
A2       22                    2                         (English-21, Japanese-1)
A3       11                    3                         (English-9, Indonesian-1, Thai-1)
A4       85                    4                         (English-80, French-2, Turkish-2, Spanish-1)
B1       184                   5                         (English-179, Turkmen-2, Haitian; Haitian Creole-1, Danish-1, Catalan-1)
B2       504                   12                        (English-482, Chinese-5, Italian-4, Japanese-3, German-2, Turkmen-2, Portuguese-1, Hindi-1, Indonesian-1, Finnish-1, Estonian-1)
B3       641                   12                        (English-610, Japanese-5, Chinese-5, Indonesian-5, Romanian-4, Spanish-3, Portuguese-3, Catalan-2, Thai-1, Danish-1, Turkmen-1)
B4       469                   10                        (English-450, Japanese-8, Portuguese-3, Italian-2, Indonesian-1, Dutch-1, Spanish-1, Turkish-1, French-1, German-1)
C1       46                    4                         (English-42, French-2, Haitian; Haitian Creole-1, German-1)
C2       95                    6                         (English-84, Indonesian-6, Spanish-2, French-1, Romanian-1, Chinese-1)
C3       4480                  30                        (English-4186, Japanese-56, Spanish-42, Indonesian-32, Catalan-24, Portuguese-15, Turkmen-13, Chinese-13, German-12, Romanian-11, Italian-9)
C4       962                   21                        (English-888, Haitian; Haitian Creole-17, Romanian-6, Japanese-6, Indonesian-6, Estonian-5, Italian-5, Spanish-5, Turkmen-4, French-3, Catalan-3)
D1       97                    6                         (English-90, Portuguese-2, Welsh-2, Spanish-1, Catalan-1, Lithuanian-1)
D2       33                    2                         (English-31, Spanish-2)
D3       160                   7                         (English-154, Thai-1, Catalan-1, Spanish-1, Turkmen-1, Estonian-1, Portuguese-1)
D4       3                     1                         (English-3)

The execution time is  00:00:56

Job ID           : 34618596
Cluster          : spartan
User/Project     : gewg/comp90024
Nodes            : 2
Wall-clock time  : 00:01:07 / 00:05:00

Displaying overall resources usage from 2022-04-03 05:52:07 to 2022-04-03 05:53:14:

NODE            CPU#        TOT%   ( USR   / SYS   / WIO   / IDLE  ) 

spartan-bm022 : 
                CPU# 1    : 83.7   (  72.4 /  11.3 /   0.0 /  16.3 ) 
                CPU# 2    : 71.3   (  66.5 /   4.8 /   0.0 /  28.7 ) 
                CPU# 3    : 79.3   (  74.3 /   5.1 /   0.0 /  20.7 ) 
                CPU# 4    : 72.6   (  67.5 /   5.1 /   0.0 /  27.4 ) 
                CPU# 5    : 70.5   (  65.5 /   5.0 /   0.0 /  29.5 ) 
                CPU# 6    : 70.1   (  65.8 /   4.3 /   0.0 /  29.9 ) 
                CPU# 7    : 76.1   (  71.1 /   5.0 /   0.0 /  23.9 ) 

spartan-bm066 : 
                CPU# 8    : 74.1   (  70.4 /   3.7 /   0.0 /  25.9 ) 


Allocated CPUs            : 8    
  CPUs with usage <25%    : 0    
  CPUs with usage <50%    : 0    
  CPUs with usage >50%    : 8    

Memory used (RAM)         : 0.0%  [5MB of 32000MB]

--------------------------------------------

