The following modules were not unloaded:
  (Use "module --force purge" to unload all):

  1) showq/0.15   2) slurm/latest
Cell   #Total Tweets   #Number of Languages Used         #Top 10 Languages & #Tweets
19      4480              30                                  (English-4186, Japanese-56, Spanish-42, Indonesian-32, Catalan-24, Portuguese-15, Turkmen-13, Chinese-13, German-12, Romanian-11, Italian-9)
23      962              21                                  (English-888, Haitian; Haitian Creole-17, Romanian-6, Japanese-6, Indonesian-6, Estonian-5, Italian-5, Spanish-5, Turkmen-4, French-3, Catalan-3)
18      642              12                                  (English-611, Japanese-5, Chinese-5, Indonesian-5, Romanian-4, Spanish-3, Portuguese-3, Catalan-2, Thai-1, Danish-1, Turkmen-1)
14      503              12                                  (English-481, Chinese-5, Italian-4, Japanese-3, German-2, Turkmen-2, Portuguese-1, Hindi-1, Indonesian-1, Finnish-1, Estonian-1)
22      469              10                                  (English-450, Japanese-8, Portuguese-3, Italian-2, Indonesian-1, Dutch-1, Spanish-1, Turkish-1, French-1, German-1)
20      160              7                                  (English-154, Thai-1, Catalan-1, Spanish-1, Estonian-1, Turkmen-1, Portuguese-1)
10      184              5                                  (English-179, Turkmen-2, Haitian; Haitian Creole-1, Danish-1, Catalan-1)
13      22              2                                  (English-21, Japanese-1)
21      85              4                                  (English-80, French-2, Turkish-2, Spanish-1)
15      95              6                                  (English-84, Indonesian-6, Spanish-2, French-1, Romanian-1, Chinese-1)
12      97              6                                  (English-90, Portuguese-2, Welsh-2, Spanish-1, Catalan-1, Lithuanian-1)
11      46              4                                  (English-42, French-2, Haitian; Haitian Creole-1, German-1)
9      21              2                                  (English-20, French-1)
16      33              2                                  (English-31, Spanish-2)
17      11              3                                  (English-9, Indonesian-1, Thai-1)
24      3              1                                  (English-3)
Job ID           : 34500432
Cluster          : spartan
User/Project     : yiwzhang1/comp90024
Nodes            : 2
Wall-clock time  : 00:01:17 / 00:10:00

Displaying overall resources usage from 2022-03-30 02:30:59 to 2022-03-30 02:32:16:

NODE            CPU#        TOT%   ( USR   / SYS   / WIO   / IDLE  ) 

spartan-bm014 : 
                CPU# 1    : 69.7   (  50.7 /  19.0 /   0.0 /  30.3 ) 
                CPU# 2    : 73.0   (  69.8 /   3.3 /   0.0 /  27.0 ) 
                CPU# 3    : 59.7   (  57.2 /   2.5 /   0.0 /  40.3 ) 
                CPU# 4    : 60.2   (  57.2 /   3.0 /   0.0 /  39.8 ) 

spartan-bm090 : 
                CPU# 5    : 98.4   (  97.5 /   0.9 /   0.0 /   1.6 ) 
                CPU# 6    : 96.8   (  95.7 /   1.0 /   0.0 /   3.2 ) 
                CPU# 7    : 96.8   (  95.9 /   0.9 /   0.0 /   3.2 ) 
                CPU# 8    : 74.9   (  73.8 /   1.2 /   0.0 /  25.1 ) 


Allocated CPUs            : 8    
  CPUs with usage <25%    : 0    
  CPUs with usage <50%    : 0    
  CPUs with usage >50%    : 8    

Memory used (RAM)         : 0.0%  [4MB of 32000MB]

--------------------------------------------

