The following modules were not unloaded:
  (Use "module --force purge" to unload all):

  1) showq/0.15   2) slurm/latest
[14, 18]
Cell   #Total Tweets   #Number of Languages Used         #Top 10 Languages & #Tweets
19      4480              30                                  (English-4186, Japanese-56, Spanish-42, Indonesian-32, Catalan-24, Portuguese-15, Turkmen-13, Chinese-13, German-12, Romanian-11, Italian-9)
23      962              21                                  (English-888, Haitian; Haitian Creole-17, Romanian-6, Japanese-6, Indonesian-6, Estonian-5, Italian-5, Spanish-5, Turkmen-4, French-3, Catalan-3)
18      642              12                                  (English-611, Japanese-5, Chinese-5, Indonesian-5, Romanian-4, Spanish-3, Portuguese-3, Catalan-2, Thai-1, Danish-1, German-1)
22      469              10                                  (English-450, Japanese-8, Portuguese-3, Italian-2, Indonesian-1, Dutch-1, Spanish-1, Turkish-1, French-1, German-1)
14      503              12                                  (English-481, Chinese-5, Italian-4, Japanese-3, German-2, Turkmen-2, Portuguese-1, Hindi-1, Indonesian-1, Finnish-1, Estonian-1)
20      160              7                                  (English-154, Thai-1, Catalan-1, Spanish-1, Estonian-1, Turkmen-1, Portuguese-1)
13      22              2                                  (English-21, Japanese-1)
10      184              5                                  (English-179, Turkmen-2, Haitian; Haitian Creole-1, Danish-1, Catalan-1)
21      85              4                                  (English-80, French-2, Turkish-2, Spanish-1)
15      95              6                                  (English-84, Indonesian-6, Spanish-2, French-1, Romanian-1, Chinese-1)
12      97              6                                  (English-90, Portuguese-2, Welsh-2, Spanish-1, Catalan-1, Lithuanian-1)
11      46              4                                  (English-42, French-2, Haitian; Haitian Creole-1, German-1)
9      21              2                                  (English-20, French-1)
16      33              2                                  (English-31, Spanish-2)
17      11              3                                  (English-9, Indonesian-1, Thai-1)
24      3              1                                  (English-3)
Job ID           : 34499718
Cluster          : spartan
User/Project     : yiwzhang1/comp90024
Nodes            : 4
Wall-clock time  : 00:01:08 / 00:10:00

Displaying overall resources usage from 2022-03-30 01:15:07 to 2022-03-30 01:16:15:

NODE            CPU#        TOT%   ( USR   / SYS   / WIO   / IDLE  ) 

spartan-bm090 : 
                CPU# 1    : 71.1   (  50.3 /  20.8 /   0.0 /  28.9 ) 
                CPU# 2    : 71.2   (  69.9 /   1.3 /   0.0 /  28.8 ) 
                CPU# 3    : 71.4   (  70.2 /   1.3 /   0.0 /  28.6 ) 
                CPU# 4    : 71.2   (  70.1 /   1.1 /   0.0 /  28.8 ) 

spartan-bm092 : 
                CPU# 5    : 50.5   (  45.3 /   5.1 /   0.0 /  49.5 ) 

spartan-bm094 : 
                CPU# 6    : 71.5   (  70.3 /   1.3 /   0.0 /  28.5 ) 
                CPU# 7    : 71.3   (  70.3 /   1.0 /   0.0 /  28.7 ) 

spartan-bm098 : 
                CPU# 8    : 71.8   (  70.6 /   1.2 /   0.0 /  28.2 ) 


Allocated CPUs            : 8    
  CPUs with usage <25%    : 0    
  CPUs with usage <50%    : 0    
  CPUs with usage >50%    : 8    

Memory used (RAM)         : 0.0%  [5MB of 32000MB]

--------------------------------------------

