The following modules were not unloaded:
  (Use "module --force purge" to unload all):

  1) showq/0.15   2) slurm/latest
Cell   #Total Tweets   #Number of Languages Used         #Top 10 Languages & #Tweets
A1       21                    2                         (English-20, French-1)
A2       22                    2                         (English-21, Japanese-1)
A3       11                    3                         (English-9, Indonesian-1, Thai-1)
A4       85                    4                         (English-80, French-2, Turkish-2, Spanish-1)
B1       184                   5                         (English-179, Turkmen-2, Haitian; Haitian Creole-1, Danish-1, Catalan-1)
B2       504                   12                        (English-482, Chinese-5, Italian-4, Japanese-3, German-2, Turkmen-2, Portuguese-1, Hindi-1, Indonesian-1, Finnish-1, Estonian-1)
B3       641                   12                        (English-610, Japanese-5, Chinese-5, Indonesian-5, Romanian-4, Spanish-3, Portuguese-3, Catalan-2, Thai-1, Danish-1, Turkmen-1)
B4       469                   10                        (English-450, Japanese-8, Portuguese-3, Italian-2, Indonesian-1, Dutch-1, Spanish-1, Turkish-1, French-1, German-1)
C1       46                    4                         (English-42, French-2, Haitian; Haitian Creole-1, German-1)
C2       95                    6                         (English-84, Indonesian-6, Spanish-2, French-1, Romanian-1, Chinese-1)
C3       4480                  30                        (English-4186, Japanese-56, Spanish-42, Indonesian-32, Catalan-24, Portuguese-15, Turkmen-13, Chinese-13, German-12, Romanian-11, Italian-9)
C4       962                   21                        (English-888, Haitian; Haitian Creole-17, Romanian-6, Japanese-6, Indonesian-6, Estonian-5, Italian-5, Spanish-5, Turkmen-4, French-3, Catalan-3)
D1       97                    6                         (English-90, Portuguese-2, Welsh-2, Spanish-1, Catalan-1, Lithuanian-1)
D2       33                    2                         (English-31, Spanish-2)
D3       160                   7                         (English-154, Thai-1, Catalan-1, Spanish-1, Turkmen-1, Estonian-1, Portuguese-1)
D4       3                     1                         (English-3)
Job ID           : 34545144
Cluster          : spartan
User/Project     : yiwzhang1/comp90024
Nodes            : 2
Wall-clock time  : 00:01:11 / 00:05:00

Displaying overall resources usage from 2022-03-31 02:31:51 to 2022-03-31 02:33:02:

NODE            CPU#        TOT%   ( USR   / SYS   / WIO   / IDLE  ) 

spartan-bm095 : 
                CPU# 1    : 71.8   (  56.9 /  14.9 /   0.0 /  28.2 ) 
                CPU# 2    : 72.5   (  70.3 /   2.1 /   0.0 /  27.5 ) 
                CPU# 3    : 72.3   (  70.1 /   2.1 /   0.0 /  27.7 ) 
                CPU# 4    : 82.7   (  81.0 /   1.6 /   0.0 /  17.3 ) 

spartan-bm112 : 
                CPU# 5    : 74.2   (  67.7 /   6.5 /   0.0 /  25.8 ) 
                CPU# 6    : 73.5   (  67.7 /   5.8 /   0.0 /  26.5 ) 
                CPU# 7    : 73.4   (  67.9 /   5.5 /   0.0 /  26.6 ) 
                CPU# 8    : 73.3   (  67.9 /   5.4 /   0.0 /  26.7 ) 


Allocated CPUs            : 8    
  CPUs with usage <25%    : 0    
  CPUs with usage <50%    : 0    
  CPUs with usage >50%    : 8    

Memory used (RAM)         : 0.0%  [5MB of 32000MB]

--------------------------------------------

