The following modules were not unloaded:
  (Use "module --force purge" to unload all):

  1) showq/0.15   2) slurm/latest
Cell   #Total Tweets   #Number of Languages Used         #Top 10 Languages & #Tweets
C3       4480                  30                        (English-4186, Japanese-56, Spanish-42, Indonesian-32, Catalan-24, Portuguese-15, Turkmen-13, Chinese-13, German-12, Romanian-11, Italian-9)
C4       962                   21                        (English-888, Haitian; Haitian Creole-17, Romanian-6, Japanese-6, Indonesian-6, Estonian-5, Italian-5, Spanish-5, Turkmen-4, French-3, Catalan-3)
B3       642                   12                        (English-611, Japanese-5, Chinese-5, Indonesian-5, Romanian-4, Spanish-3, Portuguese-3, Catalan-2, Thai-1, Danish-1, Turkmen-1)
B2       503                   12                        (English-481, Chinese-5, Italian-4, Japanese-3, German-2, Turkmen-2, Portuguese-1, Hindi-1, Indonesian-1, Finnish-1, Estonian-1)
B4       469                   10                        (English-450, Japanese-8, Portuguese-3, Italian-2, Indonesian-1, Dutch-1, Spanish-1, Turkish-1, French-1, German-1)
D3       160                   7                         (English-154, Thai-1, Catalan-1, Spanish-1, Turkmen-1, Estonian-1, Portuguese-1)
B1       184                   5                         (English-179, Turkmen-2, Haitian; Haitian Creole-1, Danish-1, Catalan-1)
A2       22                    2                         (English-21, Japanese-1)
A4       85                    4                         (English-80, French-2, Turkish-2, Spanish-1)
C2       95                    6                         (English-84, Indonesian-6, Spanish-2, French-1, Romanian-1, Chinese-1)
D1       97                    6                         (English-90, Portuguese-2, Welsh-2, Spanish-1, Catalan-1, Lithuanian-1)
C1       46                    4                         (English-42, French-2, Haitian; Haitian Creole-1, German-1)
A1       21                    2                         (English-20, French-1)
D2       33                    2                         (English-31, Spanish-2)
A3       11                    3                         (English-9, Indonesian-1, Thai-1)
D4       3                     1                         (English-3)
Job ID           : 34502379
Cluster          : spartan
User/Project     : gewg/comp90024
Nodes            : 1
Wall-clock time  : 00:01:06 / 00:05:00

Displaying overall resources usage from 2022-03-30 05:42:01 to 2022-03-30 05:43:07:

NODE            CPU#        TOT%   ( USR   / SYS   / WIO   / IDLE  ) 

spartan-bm090 : 
                CPU# 1    : 75.6   (  62.4 /  13.2 /   0.0 /  24.3 ) 
                CPU# 2    : 75.4   (  68.6 /   6.8 /   0.0 /  24.6 ) 
                CPU# 3    : 84.0   (  76.8 /   7.2 /   0.0 /  16.0 ) 
                CPU# 4    : 74.7   (  67.4 /   7.3 /   0.0 /  25.3 ) 
                CPU# 5    : 74.8   (  68.0 /   6.8 /   0.0 /  25.2 ) 
                CPU# 6    : 78.5   (  71.6 /   6.9 /   0.0 /  21.5 ) 
                CPU# 7    : 74.8   (  67.9 /   7.0 /   0.0 /  25.2 ) 
                CPU# 8    : 74.7   (  68.2 /   6.6 /   0.0 /  25.3 ) 


Allocated CPUs            : 8    
  CPUs with usage <25%    : 0    
  CPUs with usage <50%    : 0    
  CPUs with usage >50%    : 8    

Memory used (RAM)         : 0.0%  [4MB of 32000MB]

--------------------------------------------

